{
  "/Users/nikanand/developer/repos/scrumsphere/src/app/lib/utils.ts": {
    "path": "/Users/nikanand/developer/repos/scrumsphere/src/app/lib/utils.ts",
    "statementMap": {
      "0": {
        "start": {
          "line": 4,
          "column": 2
        },
        "end": {
          "line": 4,
          "column": 31
        }
      }
    },
    "fnMap": {
      "0": {
        "name": "cn",
        "decl": {
          "start": {
            "line": 3,
            "column": 16
          },
          "end": {
            "line": 3,
            "column": 18
          }
        },
        "loc": {
          "start": {
            "line": 3,
            "column": 30
          },
          "end": {
            "line": 5,
            "column": 1
          }
        },
        "line": 3
      }
    },
    "branchMap": {},
    "s": {
      "0": 16
    },
    "f": {
      "0": 16
    },
    "b": {},
    "inputSourceMap": {
      "version": 3,
      "sources": [
        "/Users/nikanand/developer/repos/scrumsphere/src/app/lib/utils.ts"
      ],
      "mappings": "AAAA,SAAS,YAA6B;AACtC,SAAS,eAAe;AAEjB,gBAAS,MAAM,QAAsB;AAC1C,SAAO,QAAQ,KAAK,MAAM,CAAC;AAC7B;",
      "names": []
    },
    "_coverageSchema": "1a1c01bbd47fc00a2c39e90264f33305004495a9",
    "hash": "e6634205df3efb7a80661314b651d520712eafd8"
  },
  "/Users/nikanand/developer/repos/scrumsphere/src/app/components/ui/button.tsx": {
    "path": "/Users/nikanand/developer/repos/scrumsphere/src/app/components/ui/button.tsx",
    "statementMap": {
      "0": {
        "start": {
          "line": 3,
          "column": 20
        },
        "end": {
          "line": 3,
          "column": 97
        }
      },
      "1": {
        "start": {
          "line": 6,
          "column": 0
        },
        "end": {
          "line": 16,
          "column": 1
        }
      },
      "2": {
        "start": {
          "line": 7,
          "column": 2
        },
        "end": {
          "line": 9,
          "column": 3
        }
      },
      "3": {
        "start": {
          "line": 8,
          "column": 4
        },
        "end": {
          "line": 8,
          "column": 165
        }
      },
      "4": {
        "start": {
          "line": 10,
          "column": 2
        },
        "end": {
          "line": 10,
          "column": 39
        }
      },
      "5": {
        "start": {
          "line": 11,
          "column": 2
        },
        "end": {
          "line": 11,
          "column": 39
        }
      },
      "6": {
        "start": {
          "line": 12,
          "column": 2
        },
        "end": {
          "line": 14,
          "column": 4
        }
      },
      "7": {
        "start": {
          "line": 13,
          "column": 4
        },
        "end": {
          "line": 13,
          "column": 120
        }
      },
      "8": {
        "start": {
          "line": 15,
          "column": 2
        },
        "end": {
          "line": 15,
          "column": 75
        }
      },
      "9": {
        "start": {
          "line": 21,
          "column": 23
        },
        "end": {
          "line": 45,
          "column": 1
        }
      },
      "10": {
        "start": {
          "line": 46,
          "column": 15
        },
        "end": {
          "line": 66,
          "column": 1
        }
      },
      "11": {
        "start": {
          "line": 48,
          "column": 17
        },
        "end": {
          "line": 48,
          "column": 42
        }
      },
      "12": {
        "start": {
          "line": 49,
          "column": 4
        },
        "end": {
          "line": 64,
          "column": 6
        }
      },
      "13": {
        "start": {
          "line": 67,
          "column": 0
        },
        "end": {
          "line": 67,
          "column": 13
        }
      },
      "14": {
        "start": {
          "line": 68,
          "column": 0
        },
        "end": {
          "line": 68,
          "column": 30
        }
      },
      "15": {
        "start": {
          "line": 71,
          "column": 0
        },
        "end": {
          "line": 71,
          "column": 44
        }
      },
      "16": {
        "start": {
          "line": 72,
          "column": 0
        },
        "end": {
          "line": 72,
          "column": 28
        }
      },
      "17": {
        "start": {
          "line": 73,
          "column": 0
        },
        "end": {
          "line": 76,
          "column": 1
        }
      },
      "18": {
        "start": {
          "line": 74,
          "column": 2
        },
        "end": {
          "line": 74,
          "column": 39
        }
      },
      "19": {
        "start": {
          "line": 75,
          "column": 2
        },
        "end": {
          "line": 75,
          "column": 39
        }
      },
      "20": {
        "start": {
          "line": 77,
          "column": 0
        },
        "end": {
          "line": 86,
          "column": 1
        }
      },
      "21": {
        "start": {
          "line": 78,
          "column": 2
        },
        "end": {
          "line": 85,
          "column": 5
        }
      },
      "22": {
        "start": {
          "line": 79,
          "column": 4
        },
        "end": {
          "line": 79,
          "column": 146
        }
      },
      "23": {
        "start": {
          "line": 80,
          "column": 4
        },
        "end": {
          "line": 84,
          "column": 7
        }
      },
      "24": {
        "start": {
          "line": 81,
          "column": 6
        },
        "end": {
          "line": 81,
          "column": 31
        }
      },
      "25": {
        "start": {
          "line": 81,
          "column": 24
        },
        "end": {
          "line": 81,
          "column": 31
        }
      },
      "26": {
        "start": {
          "line": 82,
          "column": 32
        },
        "end": {
          "line": 82,
          "column": 195
        }
      },
      "27": {
        "start": {
          "line": 83,
          "column": 6
        },
        "end": {
          "line": 83,
          "column": 75
        }
      },
      "28": {
        "start": {
          "line": 83,
          "column": 29
        },
        "end": {
          "line": 83,
          "column": 75
        }
      }
    },
    "fnMap": {
      "0": {
        "name": "(anonymous_0)",
        "decl": {
          "start": {
            "line": 12,
            "column": 24
          },
          "end": {
            "line": 12,
            "column": 25
          }
        },
        "loc": {
          "start": {
            "line": 12,
            "column": 38
          },
          "end": {
            "line": 14,
            "column": 3
          }
        },
        "line": 12
      },
      "1": {
        "name": "(anonymous_1)",
        "decl": {
          "start": {
            "line": 47,
            "column": 7
          },
          "end": {
            "line": 47,
            "column": 8
          }
        },
        "loc": {
          "start": {
            "line": 47,
            "column": 73
          },
          "end": {
            "line": 65,
            "column": 3
          }
        },
        "line": 47
      },
      "2": {
        "name": "(anonymous_2)",
        "decl": {
          "start": {
            "line": 78,
            "column": 52
          },
          "end": {
            "line": 78,
            "column": 53
          }
        },
        "loc": {
          "start": {
            "line": 78,
            "column": 72
          },
          "end": {
            "line": 85,
            "column": 3
          }
        },
        "line": 78
      },
      "3": {
        "name": "(anonymous_3)",
        "decl": {
          "start": {
            "line": 80,
            "column": 27
          },
          "end": {
            "line": 80,
            "column": 28
          }
        },
        "loc": {
          "start": {
            "line": 80,
            "column": 44
          },
          "end": {
            "line": 84,
            "column": 5
          }
        },
        "line": 80
      }
    },
    "branchMap": {
      "0": {
        "loc": {
          "start": {
            "line": 3,
            "column": 20
          },
          "end": {
            "line": 3,
            "column": 97
          }
        },
        "type": "binary-expr",
        "locations": [
          {
            "start": {
              "line": 3,
              "column": 20
            },
            "end": {
              "line": 3,
              "column": 60
            }
          },
          {
            "start": {
              "line": 3,
              "column": 64
            },
            "end": {
              "line": 3,
              "column": 97
            }
          }
        ],
        "line": 3
      },
      "1": {
        "loc": {
          "start": {
            "line": 6,
            "column": 0
          },
          "end": {
            "line": 16,
            "column": 1
          }
        },
        "type": "if",
        "locations": [
          {
            "start": {
              "line": 6,
              "column": 0
            },
            "end": {
              "line": 16,
              "column": 1
            }
          },
          {
            "start": {},
            "end": {}
          }
        ],
        "line": 6
      },
      "2": {
        "loc": {
          "start": {
            "line": 6,
            "column": 4
          },
          "end": {
            "line": 6,
            "column": 35
          }
        },
        "type": "binary-expr",
        "locations": [
          {
            "start": {
              "line": 6,
              "column": 4
            },
            "end": {
              "line": 6,
              "column": 19
            }
          },
          {
            "start": {
              "line": 6,
              "column": 23
            },
            "end": {
              "line": 6,
              "column": 35
            }
          }
        ],
        "line": 6
      },
      "3": {
        "loc": {
          "start": {
            "line": 7,
            "column": 2
          },
          "end": {
            "line": 9,
            "column": 3
          }
        },
        "type": "if",
        "locations": [
          {
            "start": {
              "line": 7,
              "column": 2
            },
            "end": {
              "line": 9,
              "column": 3
            }
          },
          {
            "start": {},
            "end": {}
          }
        ],
        "line": 7
      },
      "4": {
        "loc": {
          "start": {
            "line": 47,
            "column": 36
          },
          "end": {
            "line": 47,
            "column": 51
          }
        },
        "type": "default-arg",
        "locations": [
          {
            "start": {
              "line": 47,
              "column": 46
            },
            "end": {
              "line": 47,
              "column": 51
            }
          }
        ],
        "line": 47
      },
      "5": {
        "loc": {
          "start": {
            "line": 48,
            "column": 17
          },
          "end": {
            "line": 48,
            "column": 42
          }
        },
        "type": "cond-expr",
        "locations": [
          {
            "start": {
              "line": 48,
              "column": 27
            },
            "end": {
              "line": 48,
              "column": 31
            }
          },
          {
            "start": {
              "line": 48,
              "column": 34
            },
            "end": {
              "line": 48,
              "column": 42
            }
          }
        ],
        "line": 48
      },
      "6": {
        "loc": {
          "start": {
            "line": 73,
            "column": 0
          },
          "end": {
            "line": 76,
            "column": 1
          }
        },
        "type": "if",
        "locations": [
          {
            "start": {
              "line": 73,
              "column": 0
            },
            "end": {
              "line": 76,
              "column": 1
            }
          },
          {
            "start": {},
            "end": {}
          }
        ],
        "line": 73
      },
      "7": {
        "loc": {
          "start": {
            "line": 73,
            "column": 4
          },
          "end": {
            "line": 73,
            "column": 35
          }
        },
        "type": "binary-expr",
        "locations": [
          {
            "start": {
              "line": 73,
              "column": 4
            },
            "end": {
              "line": 73,
              "column": 19
            }
          },
          {
            "start": {
              "line": 73,
              "column": 23
            },
            "end": {
              "line": 73,
              "column": 35
            }
          }
        ],
        "line": 73
      },
      "8": {
        "loc": {
          "start": {
            "line": 77,
            "column": 0
          },
          "end": {
            "line": 86,
            "column": 1
          }
        },
        "type": "if",
        "locations": [
          {
            "start": {
              "line": 77,
              "column": 0
            },
            "end": {
              "line": 86,
              "column": 1
            }
          },
          {
            "start": {},
            "end": {}
          }
        ],
        "line": 77
      },
      "9": {
        "loc": {
          "start": {
            "line": 77,
            "column": 4
          },
          "end": {
            "line": 77,
            "column": 35
          }
        },
        "type": "binary-expr",
        "locations": [
          {
            "start": {
              "line": 77,
              "column": 4
            },
            "end": {
              "line": 77,
              "column": 19
            }
          },
          {
            "start": {
              "line": 77,
              "column": 23
            },
            "end": {
              "line": 77,
              "column": 35
            }
          }
        ],
        "line": 77
      },
      "10": {
        "loc": {
          "start": {
            "line": 81,
            "column": 6
          },
          "end": {
            "line": 81,
            "column": 31
          }
        },
        "type": "if",
        "locations": [
          {
            "start": {
              "line": 81,
              "column": 6
            },
            "end": {
              "line": 81,
              "column": 31
            }
          },
          {
            "start": {},
            "end": {}
          }
        ],
        "line": 81
      },
      "11": {
        "loc": {
          "start": {
            "line": 83,
            "column": 6
          },
          "end": {
            "line": 83,
            "column": 75
          }
        },
        "type": "if",
        "locations": [
          {
            "start": {
              "line": 83,
              "column": 6
            },
            "end": {
              "line": 83,
              "column": 75
            }
          },
          {
            "start": {},
            "end": {}
          }
        ],
        "line": 83
      }
    },
    "s": {
      "0": 1,
      "1": 1,
      "2": 1,
      "3": 0,
      "4": 1,
      "5": 1,
      "6": 1,
      "7": 2,
      "8": 1,
      "9": 1,
      "10": 1,
      "11": 2,
      "12": 2,
      "13": 1,
      "14": 1,
      "15": 1,
      "16": 1,
      "17": 1,
      "18": 1,
      "19": 1,
      "20": 1,
      "21": 1,
      "22": 1,
      "23": 1,
      "24": 0,
      "25": 0,
      "26": 0,
      "27": 0,
      "28": 0
    },
    "f": {
      "0": 2,
      "1": 2,
      "2": 1,
      "3": 0
    },
    "b": {
      "0": [
        1,
        0
      ],
      "1": [
        1,
        0
      ],
      "2": [
        1,
        1
      ],
      "3": [
        0,
        1
      ],
      "4": [
        2
      ],
      "5": [
        0,
        2
      ],
      "6": [
        1,
        0
      ],
      "7": [
        1,
        1
      ],
      "8": [
        1,
        0
      ],
      "9": [
        1,
        1
      ],
      "10": [
        0,
        0
      ],
      "11": [
        0,
        0
      ]
    },
    "inputSourceMap": {
      "version": 3,
      "mappings": "AA8CM;AA9CN,OAAO,oBAAgB;AAAO;AAAA;AAAA;AAAA;AAAA;AAAA;AAAA;AAAA;AAAA;AAAA;AAAA;AAAA;AAAA;AAAA;AAAA;AAC9B,SAASA,YAAY;AACrB,SAASC,WAA8B;AAEvC,SAASC,UAAU;AAEnB,MAAMC,iBAAiBF;AAAAA,EACrB;AAAA,EACA;AAAA,IACEG,UAAU;AAAA,MACRC,SAAS;AAAA,QACPC,SACE;AAAA,QACFC,aACE;AAAA,QACFC,SACE;AAAA,QACFC,WACE;AAAA,QACFC,OAAO;AAAA,QACPC,MAAM;AAAA,MACR;AAAA,MACAC,MAAM;AAAA,QACJN,SAAS;AAAA,QACTO,IAAI;AAAA,QACJC,IAAI;AAAA,QACJC,MAAM;AAAA,MACR;AAAA,IACF;AAAA,IACAC,iBAAiB;AAAA,MACfX,SAAS;AAAA,MACTO,MAAM;AAAA,IACR;AAAA,EACF;AACF;AAQA,MAAMK,SAASC,MAAMC;AAAAA,EAA0CC,KAC7DA,CAAC,EAAEC,WAAWhB,SAASO,MAAMU,UAAU,OAAO,GAAGC,MAAM,GAAGC,QAAQ;AAChE,UAAMC,OAAOH,UAAUtB,OAAO;AAC9B,WACE;AAAA,MAAC;AAAA;AAAA,QACC,WAAWE,GAAGC,eAAe,EAAEE,SAASO,MAAMS,UAAU,CAAC,CAAC;AAAA,QAC1D;AAAA,QACA,GAAIE;AAAAA;AAAAA,MAHN;AAAA;AAAA;AAAA;AAAA;AAAA;AAAA;AAAA;AAAA,IAGY;AAAA,EAGhB;AACF;AAACG,MAXKT;AAYNA,OAAOU,cAAc;AAErB,SAASV,QAAQd;AAAgB,IAAAiB,IAAAM;AAAAE,aAAAR,IAAA;AAAAQ,aAAAF,KAAA",
      "names": [
        "Slot",
        "cva",
        "cn",
        "buttonVariants",
        "variants",
        "variant",
        "default",
        "destructive",
        "outline",
        "secondary",
        "ghost",
        "link",
        "size",
        "sm",
        "lg",
        "icon",
        "defaultVariants",
        "Button",
        "React",
        "forwardRef",
        "_c",
        "className",
        "asChild",
        "props",
        "ref",
        "Comp",
        "_c2",
        "displayName",
        "$RefreshReg$"
      ],
      "ignoreList": [],
      "sources": [
        "/Users/nikanand/developer/repos/scrumsphere/src/app/components/ui/button.tsx"
      ],
      "file": "/Users/nikanand/developer/repos/scrumsphere/src/app/components/ui/button.tsx"
    },
    "_coverageSchema": "1a1c01bbd47fc00a2c39e90264f33305004495a9",
    "hash": "e375f522035ed989460e47d59f2362c42ada7ddd"
  },
  "/Users/nikanand/developer/repos/scrumsphere/src/app/components/ui/input.tsx": {
    "path": "/Users/nikanand/developer/repos/scrumsphere/src/app/components/ui/input.tsx",
    "statementMap": {
      "0": {
        "start": {
          "line": 3,
          "column": 20
        },
        "end": {
          "line": 3,
          "column": 97
        }
      },
      "1": {
        "start": {
          "line": 6,
          "column": 0
        },
        "end": {
          "line": 16,
          "column": 1
        }
      },
      "2": {
        "start": {
          "line": 7,
          "column": 2
        },
        "end": {
          "line": 9,
          "column": 3
        }
      },
      "3": {
        "start": {
          "line": 8,
          "column": 4
        },
        "end": {
          "line": 8,
          "column": 165
        }
      },
      "4": {
        "start": {
          "line": 10,
          "column": 2
        },
        "end": {
          "line": 10,
          "column": 39
        }
      },
      "5": {
        "start": {
          "line": 11,
          "column": 2
        },
        "end": {
          "line": 11,
          "column": 39
        }
      },
      "6": {
        "start": {
          "line": 12,
          "column": 2
        },
        "end": {
          "line": 14,
          "column": 4
        }
      },
      "7": {
        "start": {
          "line": 13,
          "column": 4
        },
        "end": {
          "line": 13,
          "column": 119
        }
      },
      "8": {
        "start": {
          "line": 15,
          "column": 2
        },
        "end": {
          "line": 15,
          "column": 75
        }
      },
      "9": {
        "start": {
          "line": 19,
          "column": 14
        },
        "end": {
          "line": 42,
          "column": 1
        }
      },
      "10": {
        "start": {
          "line": 21,
          "column": 4
        },
        "end": {
          "line": 40,
          "column": 6
        }
      },
      "11": {
        "start": {
          "line": 43,
          "column": 0
        },
        "end": {
          "line": 43,
          "column": 12
        }
      },
      "12": {
        "start": {
          "line": 44,
          "column": 0
        },
        "end": {
          "line": 44,
          "column": 28
        }
      },
      "13": {
        "start": {
          "line": 47,
          "column": 0
        },
        "end": {
          "line": 47,
          "column": 43
        }
      },
      "14": {
        "start": {
          "line": 48,
          "column": 0
        },
        "end": {
          "line": 48,
          "column": 27
        }
      },
      "15": {
        "start": {
          "line": 49,
          "column": 0
        },
        "end": {
          "line": 52,
          "column": 1
        }
      },
      "16": {
        "start": {
          "line": 50,
          "column": 2
        },
        "end": {
          "line": 50,
          "column": 39
        }
      },
      "17": {
        "start": {
          "line": 51,
          "column": 2
        },
        "end": {
          "line": 51,
          "column": 39
        }
      },
      "18": {
        "start": {
          "line": 53,
          "column": 0
        },
        "end": {
          "line": 62,
          "column": 1
        }
      },
      "19": {
        "start": {
          "line": 54,
          "column": 2
        },
        "end": {
          "line": 61,
          "column": 5
        }
      },
      "20": {
        "start": {
          "line": 55,
          "column": 4
        },
        "end": {
          "line": 55,
          "column": 145
        }
      },
      "21": {
        "start": {
          "line": 56,
          "column": 4
        },
        "end": {
          "line": 60,
          "column": 7
        }
      },
      "22": {
        "start": {
          "line": 57,
          "column": 6
        },
        "end": {
          "line": 57,
          "column": 31
        }
      },
      "23": {
        "start": {
          "line": 57,
          "column": 24
        },
        "end": {
          "line": 57,
          "column": 31
        }
      },
      "24": {
        "start": {
          "line": 58,
          "column": 32
        },
        "end": {
          "line": 58,
          "column": 194
        }
      },
      "25": {
        "start": {
          "line": 59,
          "column": 6
        },
        "end": {
          "line": 59,
          "column": 75
        }
      },
      "26": {
        "start": {
          "line": 59,
          "column": 29
        },
        "end": {
          "line": 59,
          "column": 75
        }
      }
    },
    "fnMap": {
      "0": {
        "name": "(anonymous_0)",
        "decl": {
          "start": {
            "line": 12,
            "column": 24
          },
          "end": {
            "line": 12,
            "column": 25
          }
        },
        "loc": {
          "start": {
            "line": 12,
            "column": 38
          },
          "end": {
            "line": 14,
            "column": 3
          }
        },
        "line": 12
      },
      "1": {
        "name": "(anonymous_1)",
        "decl": {
          "start": {
            "line": 20,
            "column": 7
          },
          "end": {
            "line": 20,
            "column": 8
          }
        },
        "loc": {
          "start": {
            "line": 20,
            "column": 47
          },
          "end": {
            "line": 41,
            "column": 3
          }
        },
        "line": 20
      },
      "2": {
        "name": "(anonymous_2)",
        "decl": {
          "start": {
            "line": 54,
            "column": 52
          },
          "end": {
            "line": 54,
            "column": 53
          }
        },
        "loc": {
          "start": {
            "line": 54,
            "column": 72
          },
          "end": {
            "line": 61,
            "column": 3
          }
        },
        "line": 54
      },
      "3": {
        "name": "(anonymous_3)",
        "decl": {
          "start": {
            "line": 56,
            "column": 27
          },
          "end": {
            "line": 56,
            "column": 28
          }
        },
        "loc": {
          "start": {
            "line": 56,
            "column": 44
          },
          "end": {
            "line": 60,
            "column": 5
          }
        },
        "line": 56
      }
    },
    "branchMap": {
      "0": {
        "loc": {
          "start": {
            "line": 3,
            "column": 20
          },
          "end": {
            "line": 3,
            "column": 97
          }
        },
        "type": "binary-expr",
        "locations": [
          {
            "start": {
              "line": 3,
              "column": 20
            },
            "end": {
              "line": 3,
              "column": 60
            }
          },
          {
            "start": {
              "line": 3,
              "column": 64
            },
            "end": {
              "line": 3,
              "column": 97
            }
          }
        ],
        "line": 3
      },
      "1": {
        "loc": {
          "start": {
            "line": 6,
            "column": 0
          },
          "end": {
            "line": 16,
            "column": 1
          }
        },
        "type": "if",
        "locations": [
          {
            "start": {
              "line": 6,
              "column": 0
            },
            "end": {
              "line": 16,
              "column": 1
            }
          },
          {
            "start": {},
            "end": {}
          }
        ],
        "line": 6
      },
      "2": {
        "loc": {
          "start": {
            "line": 6,
            "column": 4
          },
          "end": {
            "line": 6,
            "column": 35
          }
        },
        "type": "binary-expr",
        "locations": [
          {
            "start": {
              "line": 6,
              "column": 4
            },
            "end": {
              "line": 6,
              "column": 19
            }
          },
          {
            "start": {
              "line": 6,
              "column": 23
            },
            "end": {
              "line": 6,
              "column": 35
            }
          }
        ],
        "line": 6
      },
      "3": {
        "loc": {
          "start": {
            "line": 7,
            "column": 2
          },
          "end": {
            "line": 9,
            "column": 3
          }
        },
        "type": "if",
        "locations": [
          {
            "start": {
              "line": 7,
              "column": 2
            },
            "end": {
              "line": 9,
              "column": 3
            }
          },
          {
            "start": {},
            "end": {}
          }
        ],
        "line": 7
      },
      "4": {
        "loc": {
          "start": {
            "line": 49,
            "column": 0
          },
          "end": {
            "line": 52,
            "column": 1
          }
        },
        "type": "if",
        "locations": [
          {
            "start": {
              "line": 49,
              "column": 0
            },
            "end": {
              "line": 52,
              "column": 1
            }
          },
          {
            "start": {},
            "end": {}
          }
        ],
        "line": 49
      },
      "5": {
        "loc": {
          "start": {
            "line": 49,
            "column": 4
          },
          "end": {
            "line": 49,
            "column": 35
          }
        },
        "type": "binary-expr",
        "locations": [
          {
            "start": {
              "line": 49,
              "column": 4
            },
            "end": {
              "line": 49,
              "column": 19
            }
          },
          {
            "start": {
              "line": 49,
              "column": 23
            },
            "end": {
              "line": 49,
              "column": 35
            }
          }
        ],
        "line": 49
      },
      "6": {
        "loc": {
          "start": {
            "line": 53,
            "column": 0
          },
          "end": {
            "line": 62,
            "column": 1
          }
        },
        "type": "if",
        "locations": [
          {
            "start": {
              "line": 53,
              "column": 0
            },
            "end": {
              "line": 62,
              "column": 1
            }
          },
          {
            "start": {},
            "end": {}
          }
        ],
        "line": 53
      },
      "7": {
        "loc": {
          "start": {
            "line": 53,
            "column": 4
          },
          "end": {
            "line": 53,
            "column": 35
          }
        },
        "type": "binary-expr",
        "locations": [
          {
            "start": {
              "line": 53,
              "column": 4
            },
            "end": {
              "line": 53,
              "column": 19
            }
          },
          {
            "start": {
              "line": 53,
              "column": 23
            },
            "end": {
              "line": 53,
              "column": 35
            }
          }
        ],
        "line": 53
      },
      "8": {
        "loc": {
          "start": {
            "line": 57,
            "column": 6
          },
          "end": {
            "line": 57,
            "column": 31
          }
        },
        "type": "if",
        "locations": [
          {
            "start": {
              "line": 57,
              "column": 6
            },
            "end": {
              "line": 57,
              "column": 31
            }
          },
          {
            "start": {},
            "end": {}
          }
        ],
        "line": 57
      },
      "9": {
        "loc": {
          "start": {
            "line": 59,
            "column": 6
          },
          "end": {
            "line": 59,
            "column": 75
          }
        },
        "type": "if",
        "locations": [
          {
            "start": {
              "line": 59,
              "column": 6
            },
            "end": {
              "line": 59,
              "column": 75
            }
          },
          {
            "start": {},
            "end": {}
          }
        ],
        "line": 59
      }
    },
    "s": {
      "0": 1,
      "1": 1,
      "2": 1,
      "3": 0,
      "4": 1,
      "5": 1,
      "6": 1,
      "7": 2,
      "8": 1,
      "9": 1,
      "10": 4,
      "11": 1,
      "12": 1,
      "13": 1,
      "14": 1,
      "15": 1,
      "16": 1,
      "17": 1,
      "18": 1,
      "19": 1,
      "20": 1,
      "21": 1,
      "22": 0,
      "23": 0,
      "24": 0,
      "25": 0,
      "26": 0
    },
    "f": {
      "0": 2,
      "1": 4,
      "2": 1,
      "3": 0
    },
    "b": {
      "0": [
        1,
        0
      ],
      "1": [
        1,
        0
      ],
      "2": [
        1,
        1
      ],
      "3": [
        0,
        1
      ],
      "4": [
        1,
        0
      ],
      "5": [
        1,
        1
      ],
      "6": [
        1,
        0
      ],
      "7": [
        1,
        1
      ],
      "8": [
        0,
        0
      ],
      "9": [
        0,
        0
      ]
    },
    "inputSourceMap": {
      "version": 3,
      "mappings": "AAOM;AAPN,OAAO,oBAAgB;AAAO;AAAA;AAAA;AAAA;AAAA;AAAA;AAAA;AAAA;AAAA;AAAA;AAAA;AAAA;AAAA;AAAA;AAAA;AAE9B,SAASA,UAAU;AAEnB,MAAMC,QAAQC,MAAMC;AAAAA,EAA2DC,KAC7EA,CAAC,EAAEC,WAAWC,MAAM,GAAGC,MAAM,GAAGC,QAAQ;AACtC,WACE;AAAA,MAAC;AAAA;AAAA,QACC;AAAA,QACA,WAAWR;AAAAA,UACT;AAAA,UACAK;AAAAA,QACF;AAAA,QACA;AAAA,QACA,GAAIE;AAAAA;AAAAA,MAPN;AAAA;AAAA;AAAA;AAAA;AAAA;AAAA;AAAA;AAAA,IAOY;AAAA,EAGhB;AACF;AAACE,MAdKR;AAeNA,MAAMS,cAAc;AAEpB,SAAST;AAAO,IAAAG,IAAAK;AAAAE,aAAAP,IAAA;AAAAO,aAAAF,KAAA",
      "names": [
        "cn",
        "Input",
        "React",
        "forwardRef",
        "_c",
        "className",
        "type",
        "props",
        "ref",
        "_c2",
        "displayName",
        "$RefreshReg$"
      ],
      "ignoreList": [],
      "sources": [
        "/Users/nikanand/developer/repos/scrumsphere/src/app/components/ui/input.tsx"
      ],
      "file": "/Users/nikanand/developer/repos/scrumsphere/src/app/components/ui/input.tsx"
    },
    "_coverageSchema": "1a1c01bbd47fc00a2c39e90264f33305004495a9",
    "hash": "f2692baa15a176b7d9c3e5e0b532f714f34e6fa2"
  },
  "/Users/nikanand/developer/repos/scrumsphere/src/app/components/ui/label.tsx": {
    "path": "/Users/nikanand/developer/repos/scrumsphere/src/app/components/ui/label.tsx",
    "statementMap": {
      "0": {
        "start": {
          "line": 3,
          "column": 20
        },
        "end": {
          "line": 3,
          "column": 97
        }
      },
      "1": {
        "start": {
          "line": 6,
          "column": 0
        },
        "end": {
          "line": 16,
          "column": 1
        }
      },
      "2": {
        "start": {
          "line": 7,
          "column": 2
        },
        "end": {
          "line": 9,
          "column": 3
        }
      },
      "3": {
        "start": {
          "line": 8,
          "column": 4
        },
        "end": {
          "line": 8,
          "column": 165
        }
      },
      "4": {
        "start": {
          "line": 10,
          "column": 2
        },
        "end": {
          "line": 10,
          "column": 39
        }
      },
      "5": {
        "start": {
          "line": 11,
          "column": 2
        },
        "end": {
          "line": 11,
          "column": 39
        }
      },
      "6": {
        "start": {
          "line": 12,
          "column": 2
        },
        "end": {
          "line": 14,
          "column": 4
        }
      },
      "7": {
        "start": {
          "line": 13,
          "column": 4
        },
        "end": {
          "line": 13,
          "column": 119
        }
      },
      "8": {
        "start": {
          "line": 15,
          "column": 2
        },
        "end": {
          "line": 15,
          "column": 75
        }
      },
      "9": {
        "start": {
          "line": 21,
          "column": 22
        },
        "end": {
          "line": 23,
          "column": 1
        }
      },
      "10": {
        "start": {
          "line": 24,
          "column": 14
        },
        "end": {
          "line": 41,
          "column": 1
        }
      },
      "11": {
        "start": {
          "line": 25,
          "column": 57
        },
        "end": {
          "line": 40,
          "column": 3
        }
      },
      "12": {
        "start": {
          "line": 42,
          "column": 0
        },
        "end": {
          "line": 42,
          "column": 12
        }
      },
      "13": {
        "start": {
          "line": 43,
          "column": 0
        },
        "end": {
          "line": 43,
          "column": 52
        }
      },
      "14": {
        "start": {
          "line": 46,
          "column": 0
        },
        "end": {
          "line": 46,
          "column": 43
        }
      },
      "15": {
        "start": {
          "line": 47,
          "column": 0
        },
        "end": {
          "line": 47,
          "column": 27
        }
      },
      "16": {
        "start": {
          "line": 48,
          "column": 0
        },
        "end": {
          "line": 51,
          "column": 1
        }
      },
      "17": {
        "start": {
          "line": 49,
          "column": 2
        },
        "end": {
          "line": 49,
          "column": 39
        }
      },
      "18": {
        "start": {
          "line": 50,
          "column": 2
        },
        "end": {
          "line": 50,
          "column": 39
        }
      },
      "19": {
        "start": {
          "line": 52,
          "column": 0
        },
        "end": {
          "line": 61,
          "column": 1
        }
      },
      "20": {
        "start": {
          "line": 53,
          "column": 2
        },
        "end": {
          "line": 60,
          "column": 5
        }
      },
      "21": {
        "start": {
          "line": 54,
          "column": 4
        },
        "end": {
          "line": 54,
          "column": 145
        }
      },
      "22": {
        "start": {
          "line": 55,
          "column": 4
        },
        "end": {
          "line": 59,
          "column": 7
        }
      },
      "23": {
        "start": {
          "line": 56,
          "column": 6
        },
        "end": {
          "line": 56,
          "column": 31
        }
      },
      "24": {
        "start": {
          "line": 56,
          "column": 24
        },
        "end": {
          "line": 56,
          "column": 31
        }
      },
      "25": {
        "start": {
          "line": 57,
          "column": 32
        },
        "end": {
          "line": 57,
          "column": 194
        }
      },
      "26": {
        "start": {
          "line": 58,
          "column": 6
        },
        "end": {
          "line": 58,
          "column": 75
        }
      },
      "27": {
        "start": {
          "line": 58,
          "column": 29
        },
        "end": {
          "line": 58,
          "column": 75
        }
      }
    },
    "fnMap": {
      "0": {
        "name": "(anonymous_0)",
        "decl": {
          "start": {
            "line": 12,
            "column": 24
          },
          "end": {
            "line": 12,
            "column": 25
          }
        },
        "loc": {
          "start": {
            "line": 12,
            "column": 38
          },
          "end": {
            "line": 14,
            "column": 3
          }
        },
        "line": 12
      },
      "1": {
        "name": "(anonymous_1)",
        "decl": {
          "start": {
            "line": 25,
            "column": 7
          },
          "end": {
            "line": 25,
            "column": 8
          }
        },
        "loc": {
          "start": {
            "line": 25,
            "column": 57
          },
          "end": {
            "line": 40,
            "column": 3
          }
        },
        "line": 25
      },
      "2": {
        "name": "(anonymous_2)",
        "decl": {
          "start": {
            "line": 53,
            "column": 52
          },
          "end": {
            "line": 53,
            "column": 53
          }
        },
        "loc": {
          "start": {
            "line": 53,
            "column": 72
          },
          "end": {
            "line": 60,
            "column": 3
          }
        },
        "line": 53
      },
      "3": {
        "name": "(anonymous_3)",
        "decl": {
          "start": {
            "line": 55,
            "column": 27
          },
          "end": {
            "line": 55,
            "column": 28
          }
        },
        "loc": {
          "start": {
            "line": 55,
            "column": 44
          },
          "end": {
            "line": 59,
            "column": 5
          }
        },
        "line": 55
      }
    },
    "branchMap": {
      "0": {
        "loc": {
          "start": {
            "line": 3,
            "column": 20
          },
          "end": {
            "line": 3,
            "column": 97
          }
        },
        "type": "binary-expr",
        "locations": [
          {
            "start": {
              "line": 3,
              "column": 20
            },
            "end": {
              "line": 3,
              "column": 60
            }
          },
          {
            "start": {
              "line": 3,
              "column": 64
            },
            "end": {
              "line": 3,
              "column": 97
            }
          }
        ],
        "line": 3
      },
      "1": {
        "loc": {
          "start": {
            "line": 6,
            "column": 0
          },
          "end": {
            "line": 16,
            "column": 1
          }
        },
        "type": "if",
        "locations": [
          {
            "start": {
              "line": 6,
              "column": 0
            },
            "end": {
              "line": 16,
              "column": 1
            }
          },
          {
            "start": {},
            "end": {}
          }
        ],
        "line": 6
      },
      "2": {
        "loc": {
          "start": {
            "line": 6,
            "column": 4
          },
          "end": {
            "line": 6,
            "column": 35
          }
        },
        "type": "binary-expr",
        "locations": [
          {
            "start": {
              "line": 6,
              "column": 4
            },
            "end": {
              "line": 6,
              "column": 19
            }
          },
          {
            "start": {
              "line": 6,
              "column": 23
            },
            "end": {
              "line": 6,
              "column": 35
            }
          }
        ],
        "line": 6
      },
      "3": {
        "loc": {
          "start": {
            "line": 7,
            "column": 2
          },
          "end": {
            "line": 9,
            "column": 3
          }
        },
        "type": "if",
        "locations": [
          {
            "start": {
              "line": 7,
              "column": 2
            },
            "end": {
              "line": 9,
              "column": 3
            }
          },
          {
            "start": {},
            "end": {}
          }
        ],
        "line": 7
      },
      "4": {
        "loc": {
          "start": {
            "line": 48,
            "column": 0
          },
          "end": {
            "line": 51,
            "column": 1
          }
        },
        "type": "if",
        "locations": [
          {
            "start": {
              "line": 48,
              "column": 0
            },
            "end": {
              "line": 51,
              "column": 1
            }
          },
          {
            "start": {},
            "end": {}
          }
        ],
        "line": 48
      },
      "5": {
        "loc": {
          "start": {
            "line": 48,
            "column": 4
          },
          "end": {
            "line": 48,
            "column": 35
          }
        },
        "type": "binary-expr",
        "locations": [
          {
            "start": {
              "line": 48,
              "column": 4
            },
            "end": {
              "line": 48,
              "column": 19
            }
          },
          {
            "start": {
              "line": 48,
              "column": 23
            },
            "end": {
              "line": 48,
              "column": 35
            }
          }
        ],
        "line": 48
      },
      "6": {
        "loc": {
          "start": {
            "line": 52,
            "column": 0
          },
          "end": {
            "line": 61,
            "column": 1
          }
        },
        "type": "if",
        "locations": [
          {
            "start": {
              "line": 52,
              "column": 0
            },
            "end": {
              "line": 61,
              "column": 1
            }
          },
          {
            "start": {},
            "end": {}
          }
        ],
        "line": 52
      },
      "7": {
        "loc": {
          "start": {
            "line": 52,
            "column": 4
          },
          "end": {
            "line": 52,
            "column": 35
          }
        },
        "type": "binary-expr",
        "locations": [
          {
            "start": {
              "line": 52,
              "column": 4
            },
            "end": {
              "line": 52,
              "column": 19
            }
          },
          {
            "start": {
              "line": 52,
              "column": 23
            },
            "end": {
              "line": 52,
              "column": 35
            }
          }
        ],
        "line": 52
      },
      "8": {
        "loc": {
          "start": {
            "line": 56,
            "column": 6
          },
          "end": {
            "line": 56,
            "column": 31
          }
        },
        "type": "if",
        "locations": [
          {
            "start": {
              "line": 56,
              "column": 6
            },
            "end": {
              "line": 56,
              "column": 31
            }
          },
          {
            "start": {},
            "end": {}
          }
        ],
        "line": 56
      },
      "9": {
        "loc": {
          "start": {
            "line": 58,
            "column": 6
          },
          "end": {
            "line": 58,
            "column": 75
          }
        },
        "type": "if",
        "locations": [
          {
            "start": {
              "line": 58,
              "column": 6
            },
            "end": {
              "line": 58,
              "column": 75
            }
          },
          {
            "start": {},
            "end": {}
          }
        ],
        "line": 58
      }
    },
    "s": {
      "0": 1,
      "1": 1,
      "2": 1,
      "3": 0,
      "4": 1,
      "5": 1,
      "6": 1,
      "7": 2,
      "8": 1,
      "9": 1,
      "10": 1,
      "11": 4,
      "12": 1,
      "13": 1,
      "14": 1,
      "15": 1,
      "16": 1,
      "17": 1,
      "18": 1,
      "19": 1,
      "20": 1,
      "21": 1,
      "22": 1,
      "23": 0,
      "24": 0,
      "25": 0,
      "26": 0,
      "27": 0
    },
    "f": {
      "0": 2,
      "1": 4,
      "2": 1,
      "3": 0
    },
    "b": {
      "0": [
        1,
        0
      ],
      "1": [
        1,
        0
      ],
      "2": [
        1,
        1
      ],
      "3": [
        0,
        1
      ],
      "4": [
        1,
        0
      ],
      "5": [
        1,
        1
      ],
      "6": [
        1,
        0
      ],
      "7": [
        1,
        1
      ],
      "8": [
        0,
        0
      ],
      "9": [
        0,
        0
      ]
    },
    "inputSourceMap": {
      "version": 3,
      "mappings": "AAeE;AAfF,OAAO,oBAAgB;AAAO;AAAA;AAAA;AAAA;AAAA;AAAA;AAAA;AAAA;AAAA;AAAA;AAAA;AAAA;AAAA;AAAA;AAAA;AAC9B,YAAYA,oBAAoB;AAChC,SAASC,WAA8B;AAEvC,SAASC,UAAU;AAEnB,MAAMC,gBAAgBF;AAAAA,EACpB;AACF;AAEA,MAAMG,QAAQC,MAAMC;AAAAA,EAInBC,KAACA,CAAC,EAAEC,WAAW,GAAGC,MAAM,GAAGC,QAC1B;AAAA,IAAC,eAAe;AAAA,IAAf;AAAA,MACC;AAAA,MACA,WAAWR,GAAGC,cAAc,GAAGK,SAAS;AAAA,MACxC,GAAIC;AAAAA;AAAAA,IAHN;AAAA;AAAA;AAAA;AAAA;AAAA;AAAA;AAAA;AAAA,EAGY;AAEb;AAACE,MAVIP;AAWNA,MAAMQ,cAAcZ,eAAea,KAAKD;AAExC,SAASR;AAAO,IAAAG,IAAAI;AAAAG,aAAAP,IAAA;AAAAO,aAAAH,KAAA",
      "names": [
        "LabelPrimitive",
        "cva",
        "cn",
        "labelVariants",
        "Label",
        "React",
        "forwardRef",
        "_c",
        "className",
        "props",
        "ref",
        "_c2",
        "displayName",
        "Root",
        "$RefreshReg$"
      ],
      "ignoreList": [],
      "sources": [
        "/Users/nikanand/developer/repos/scrumsphere/src/app/components/ui/label.tsx"
      ],
      "file": "/Users/nikanand/developer/repos/scrumsphere/src/app/components/ui/label.tsx"
    },
    "_coverageSchema": "1a1c01bbd47fc00a2c39e90264f33305004495a9",
    "hash": "0a5f436d552fd8d4363b9dad70e1d675fc0f452b"
  },
  "/Users/nikanand/developer/repos/scrumsphere/src/app/components/ui/form.tsx": {
    "path": "/Users/nikanand/developer/repos/scrumsphere/src/app/components/ui/form.tsx",
    "statementMap": {
      "0": {
        "start": {
          "line": 3,
          "column": 20
        },
        "end": {
          "line": 3,
          "column": 97
        }
      },
      "1": {
        "start": {
          "line": 6,
          "column": 0
        },
        "end": {
          "line": 16,
          "column": 1
        }
      },
      "2": {
        "start": {
          "line": 7,
          "column": 2
        },
        "end": {
          "line": 9,
          "column": 3
        }
      },
      "3": {
        "start": {
          "line": 8,
          "column": 4
        },
        "end": {
          "line": 8,
          "column": 165
        }
      },
      "4": {
        "start": {
          "line": 10,
          "column": 2
        },
        "end": {
          "line": 10,
          "column": 39
        }
      },
      "5": {
        "start": {
          "line": 11,
          "column": 2
        },
        "end": {
          "line": 11,
          "column": 39
        }
      },
      "6": {
        "start": {
          "line": 12,
          "column": 2
        },
        "end": {
          "line": 14,
          "column": 4
        }
      },
      "7": {
        "start": {
          "line": 13,
          "column": 4
        },
        "end": {
          "line": 13,
          "column": 118
        }
      },
      "8": {
        "start": {
          "line": 15,
          "column": 2
        },
        "end": {
          "line": 15,
          "column": 75
        }
      },
      "9": {
        "start": {
          "line": 17,
          "column": 9
        },
        "end": {
          "line": 17,
          "column": 23
        }
      },
      "10": {
        "start": {
          "line": 17,
          "column": 31
        },
        "end": {
          "line": 17,
          "column": 45
        }
      },
      "11": {
        "start": {
          "line": 17,
          "column": 53
        },
        "end": {
          "line": 17,
          "column": 67
        }
      },
      "12": {
        "start": {
          "line": 17,
          "column": 75
        },
        "end": {
          "line": 17,
          "column": 89
        }
      },
      "13": {
        "start": {
          "line": 17,
          "column": 97
        },
        "end": {
          "line": 17,
          "column": 111
        }
      },
      "14": {
        "start": {
          "line": 17,
          "column": 119
        },
        "end": {
          "line": 17,
          "column": 133
        }
      },
      "15": {
        "start": {
          "line": 23,
          "column": 13
        },
        "end": {
          "line": 23,
          "column": 25
        }
      },
      "16": {
        "start": {
          "line": 24,
          "column": 25
        },
        "end": {
          "line": 24,
          "column": 48
        }
      },
      "17": {
        "start": {
          "line": 25,
          "column": 18
        },
        "end": {
          "line": 37,
          "column": 1
        }
      },
      "18": {
        "start": {
          "line": 28,
          "column": 2
        },
        "end": {
          "line": 36,
          "column": 11
        }
      },
      "19": {
        "start": {
          "line": 38,
          "column": 0
        },
        "end": {
          "line": 38,
          "column": 15
        }
      },
      "20": {
        "start": {
          "line": 39,
          "column": 21
        },
        "end": {
          "line": 57,
          "column": 1
        }
      },
      "21": {
        "start": {
          "line": 40,
          "column": 2
        },
        "end": {
          "line": 40,
          "column": 7
        }
      },
      "22": {
        "start": {
          "line": 41,
          "column": 23
        },
        "end": {
          "line": 41,
          "column": 57
        }
      },
      "23": {
        "start": {
          "line": 42,
          "column": 22
        },
        "end": {
          "line": 42,
          "column": 55
        }
      },
      "24": {
        "start": {
          "line": 43,
          "column": 39
        },
        "end": {
          "line": 43,
          "column": 55
        }
      },
      "25": {
        "start": {
          "line": 44,
          "column": 21
        },
        "end": {
          "line": 44,
          "column": 64
        }
      },
      "26": {
        "start": {
          "line": 45,
          "column": 2
        },
        "end": {
          "line": 47,
          "column": 3
        }
      },
      "27": {
        "start": {
          "line": 46,
          "column": 4
        },
        "end": {
          "line": 46,
          "column": 70
        }
      },
      "28": {
        "start": {
          "line": 48,
          "column": 17
        },
        "end": {
          "line": 48,
          "column": 28
        }
      },
      "29": {
        "start": {
          "line": 49,
          "column": 2
        },
        "end": {
          "line": 56,
          "column": 4
        }
      },
      "30": {
        "start": {
          "line": 58,
          "column": 0
        },
        "end": {
          "line": 60,
          "column": 3
        }
      },
      "31": {
        "start": {
          "line": 59,
          "column": 2
        },
        "end": {
          "line": 59,
          "column": 26
        }
      },
      "32": {
        "start": {
          "line": 61,
          "column": 24
        },
        "end": {
          "line": 61,
          "column": 47
        }
      },
      "33": {
        "start": {
          "line": 62,
          "column": 17
        },
        "end": {
          "line": 85,
          "column": 2
        }
      },
      "34": {
        "start": {
          "line": 65,
          "column": 6
        },
        "end": {
          "line": 65,
          "column": 12
        }
      },
      "35": {
        "start": {
          "line": 66,
          "column": 17
        },
        "end": {
          "line": 66,
          "column": 30
        }
      },
      "36": {
        "start": {
          "line": 67,
          "column": 6
        },
        "end": {
          "line": 75,
          "column": 15
        }
      },
      "37": {
        "start": {
          "line": 80,
          "column": 6
        },
        "end": {
          "line": 80,
          "column": 27
        }
      },
      "38": {
        "start": {
          "line": 84,
          "column": 2
        },
        "end": {
          "line": 84,
          "column": 23
        }
      },
      "39": {
        "start": {
          "line": 86,
          "column": 0
        },
        "end": {
          "line": 86,
          "column": 15
        }
      },
      "40": {
        "start": {
          "line": 87,
          "column": 0
        },
        "end": {
          "line": 87,
          "column": 34
        }
      },
      "41": {
        "start": {
          "line": 88,
          "column": 18
        },
        "end": {
          "line": 105,
          "column": 2
        }
      },
      "42": {
        "start": {
          "line": 90,
          "column": 4
        },
        "end": {
          "line": 90,
          "column": 10
        }
      },
      "43": {
        "start": {
          "line": 91,
          "column": 34
        },
        "end": {
          "line": 91,
          "column": 48
        }
      },
      "44": {
        "start": {
          "line": 92,
          "column": 4
        },
        "end": {
          "line": 96,
          "column": 13
        }
      },
      "45": {
        "start": {
          "line": 101,
          "column": 4
        },
        "end": {
          "line": 101,
          "column": 26
        }
      },
      "46": {
        "start": {
          "line": 104,
          "column": 2
        },
        "end": {
          "line": 104,
          "column": 24
        }
      },
      "47": {
        "start": {
          "line": 106,
          "column": 0
        },
        "end": {
          "line": 106,
          "column": 16
        }
      },
      "48": {
        "start": {
          "line": 107,
          "column": 0
        },
        "end": {
          "line": 107,
          "column": 36
        }
      },
      "49": {
        "start": {
          "line": 108,
          "column": 20
        },
        "end": {
          "line": 140,
          "column": 2
        }
      },
      "50": {
        "start": {
          "line": 111,
          "column": 6
        },
        "end": {
          "line": 111,
          "column": 12
        }
      },
      "51": {
        "start": {
          "line": 112,
          "column": 70
        },
        "end": {
          "line": 112,
          "column": 84
        }
      },
      "52": {
        "start": {
          "line": 113,
          "column": 6
        },
        "end": {
          "line": 130,
          "column": 8
        }
      },
      "53": {
        "start": {
          "line": 135,
          "column": 6
        },
        "end": {
          "line": 135,
          "column": 28
        }
      },
      "54": {
        "start": {
          "line": 139,
          "column": 2
        },
        "end": {
          "line": 139,
          "column": 24
        }
      },
      "55": {
        "start": {
          "line": 141,
          "column": 0
        },
        "end": {
          "line": 141,
          "column": 18
        }
      },
      "56": {
        "start": {
          "line": 142,
          "column": 0
        },
        "end": {
          "line": 142,
          "column": 40
        }
      },
      "57": {
        "start": {
          "line": 143,
          "column": 24
        },
        "end": {
          "line": 162,
          "column": 2
        }
      },
      "58": {
        "start": {
          "line": 146,
          "column": 6
        },
        "end": {
          "line": 146,
          "column": 12
        }
      },
      "59": {
        "start": {
          "line": 147,
          "column": 36
        },
        "end": {
          "line": 147,
          "column": 50
        }
      },
      "60": {
        "start": {
          "line": 148,
          "column": 6
        },
        "end": {
          "line": 152,
          "column": 15
        }
      },
      "61": {
        "start": {
          "line": 157,
          "column": 6
        },
        "end": {
          "line": 157,
          "column": 28
        }
      },
      "62": {
        "start": {
          "line": 161,
          "column": 2
        },
        "end": {
          "line": 161,
          "column": 24
        }
      },
      "63": {
        "start": {
          "line": 163,
          "column": 0
        },
        "end": {
          "line": 163,
          "column": 22
        }
      },
      "64": {
        "start": {
          "line": 164,
          "column": 0
        },
        "end": {
          "line": 164,
          "column": 48
        }
      },
      "65": {
        "start": {
          "line": 165,
          "column": 20
        },
        "end": {
          "line": 188,
          "column": 2
        }
      },
      "66": {
        "start": {
          "line": 168,
          "column": 6
        },
        "end": {
          "line": 168,
          "column": 12
        }
      },
      "67": {
        "start": {
          "line": 169,
          "column": 39
        },
        "end": {
          "line": 169,
          "column": 53
        }
      },
      "68": {
        "start": {
          "line": 170,
          "column": 19
        },
        "end": {
          "line": 170,
          "column": 60
        }
      },
      "69": {
        "start": {
          "line": 171,
          "column": 6
        },
        "end": {
          "line": 173,
          "column": 7
        }
      },
      "70": {
        "start": {
          "line": 172,
          "column": 8
        },
        "end": {
          "line": 172,
          "column": 20
        }
      },
      "71": {
        "start": {
          "line": 174,
          "column": 6
        },
        "end": {
          "line": 178,
          "column": 15
        }
      },
      "72": {
        "start": {
          "line": 183,
          "column": 6
        },
        "end": {
          "line": 183,
          "column": 28
        }
      },
      "73": {
        "start": {
          "line": 187,
          "column": 2
        },
        "end": {
          "line": 187,
          "column": 24
        }
      },
      "74": {
        "start": {
          "line": 189,
          "column": 0
        },
        "end": {
          "line": 189,
          "column": 19
        }
      },
      "75": {
        "start": {
          "line": 190,
          "column": 0
        },
        "end": {
          "line": 190,
          "column": 40
        }
      },
      "76": {
        "start": {
          "line": 193,
          "column": 0
        },
        "end": {
          "line": 193,
          "column": 30
        }
      },
      "77": {
        "start": {
          "line": 194,
          "column": 0
        },
        "end": {
          "line": 194,
          "column": 47
        }
      },
      "78": {
        "start": {
          "line": 195,
          "column": 0
        },
        "end": {
          "line": 195,
          "column": 30
        }
      },
      "79": {
        "start": {
          "line": 196,
          "column": 0
        },
        "end": {
          "line": 196,
          "column": 48
        }
      },
      "80": {
        "start": {
          "line": 197,
          "column": 0
        },
        "end": {
          "line": 197,
          "column": 31
        }
      },
      "81": {
        "start": {
          "line": 198,
          "column": 0
        },
        "end": {
          "line": 198,
          "column": 50
        }
      },
      "82": {
        "start": {
          "line": 199,
          "column": 0
        },
        "end": {
          "line": 199,
          "column": 33
        }
      },
      "83": {
        "start": {
          "line": 200,
          "column": 0
        },
        "end": {
          "line": 200,
          "column": 54
        }
      },
      "84": {
        "start": {
          "line": 201,
          "column": 0
        },
        "end": {
          "line": 201,
          "column": 37
        }
      },
      "85": {
        "start": {
          "line": 202,
          "column": 0
        },
        "end": {
          "line": 202,
          "column": 51
        }
      },
      "86": {
        "start": {
          "line": 203,
          "column": 0
        },
        "end": {
          "line": 203,
          "column": 34
        }
      },
      "87": {
        "start": {
          "line": 204,
          "column": 0
        },
        "end": {
          "line": 207,
          "column": 1
        }
      },
      "88": {
        "start": {
          "line": 205,
          "column": 2
        },
        "end": {
          "line": 205,
          "column": 39
        }
      },
      "89": {
        "start": {
          "line": 206,
          "column": 2
        },
        "end": {
          "line": 206,
          "column": 39
        }
      },
      "90": {
        "start": {
          "line": 208,
          "column": 0
        },
        "end": {
          "line": 217,
          "column": 1
        }
      },
      "91": {
        "start": {
          "line": 209,
          "column": 2
        },
        "end": {
          "line": 216,
          "column": 5
        }
      },
      "92": {
        "start": {
          "line": 210,
          "column": 4
        },
        "end": {
          "line": 210,
          "column": 144
        }
      },
      "93": {
        "start": {
          "line": 211,
          "column": 4
        },
        "end": {
          "line": 215,
          "column": 7
        }
      },
      "94": {
        "start": {
          "line": 212,
          "column": 6
        },
        "end": {
          "line": 212,
          "column": 31
        }
      },
      "95": {
        "start": {
          "line": 212,
          "column": 24
        },
        "end": {
          "line": 212,
          "column": 31
        }
      },
      "96": {
        "start": {
          "line": 213,
          "column": 32
        },
        "end": {
          "line": 213,
          "column": 193
        }
      },
      "97": {
        "start": {
          "line": 214,
          "column": 6
        },
        "end": {
          "line": 214,
          "column": 75
        }
      },
      "98": {
        "start": {
          "line": 214,
          "column": 29
        },
        "end": {
          "line": 214,
          "column": 75
        }
      }
    },
    "fnMap": {
      "0": {
        "name": "(anonymous_0)",
        "decl": {
          "start": {
            "line": 12,
            "column": 24
          },
          "end": {
            "line": 12,
            "column": 25
          }
        },
        "loc": {
          "start": {
            "line": 12,
            "column": 38
          },
          "end": {
            "line": 14,
            "column": 3
          }
        },
        "line": 12
      },
      "1": {
        "name": "(anonymous_1)",
        "decl": {
          "start": {
            "line": 25,
            "column": 18
          },
          "end": {
            "line": 25,
            "column": 19
          }
        },
        "loc": {
          "start": {
            "line": 27,
            "column": 6
          },
          "end": {
            "line": 37,
            "column": 1
          }
        },
        "line": 27
      },
      "2": {
        "name": "(anonymous_2)",
        "decl": {
          "start": {
            "line": 39,
            "column": 21
          },
          "end": {
            "line": 39,
            "column": 22
          }
        },
        "loc": {
          "start": {
            "line": 39,
            "column": 27
          },
          "end": {
            "line": 57,
            "column": 1
          }
        },
        "line": 39
      },
      "3": {
        "name": "(anonymous_3)",
        "decl": {
          "start": {
            "line": 58,
            "column": 56
          },
          "end": {
            "line": 58,
            "column": 57
          }
        },
        "loc": {
          "start": {
            "line": 58,
            "column": 67
          },
          "end": {
            "line": 60,
            "column": 1
          }
        },
        "line": 58
      },
      "4": {
        "name": "(anonymous_4)",
        "decl": {
          "start": {
            "line": 64,
            "column": 4
          },
          "end": {
            "line": 64,
            "column": 5
          }
        },
        "loc": {
          "start": {
            "line": 64,
            "column": 38
          },
          "end": {
            "line": 76,
            "column": 5
          }
        },
        "line": 64
      },
      "5": {
        "name": "(anonymous_5)",
        "decl": {
          "start": {
            "line": 79,
            "column": 4
          },
          "end": {
            "line": 79,
            "column": 5
          }
        },
        "loc": {
          "start": {
            "line": 79,
            "column": 15
          },
          "end": {
            "line": 81,
            "column": 5
          }
        },
        "line": 79
      },
      "6": {
        "name": "(anonymous_6)",
        "decl": {
          "start": {
            "line": 83,
            "column": 42
          },
          "end": {
            "line": 83,
            "column": 43
          }
        },
        "loc": {
          "start": {
            "line": 83,
            "column": 53
          },
          "end": {
            "line": 85,
            "column": 1
          }
        },
        "line": 83
      },
      "7": {
        "name": "(anonymous_7)",
        "decl": {
          "start": {
            "line": 89,
            "column": 2
          },
          "end": {
            "line": 89,
            "column": 3
          }
        },
        "loc": {
          "start": {
            "line": 89,
            "column": 36
          },
          "end": {
            "line": 97,
            "column": 3
          }
        },
        "line": 89
      },
      "8": {
        "name": "(anonymous_8)",
        "decl": {
          "start": {
            "line": 100,
            "column": 2
          },
          "end": {
            "line": 100,
            "column": 3
          }
        },
        "loc": {
          "start": {
            "line": 100,
            "column": 13
          },
          "end": {
            "line": 102,
            "column": 3
          }
        },
        "line": 100
      },
      "9": {
        "name": "(anonymous_9)",
        "decl": {
          "start": {
            "line": 103,
            "column": 43
          },
          "end": {
            "line": 103,
            "column": 44
          }
        },
        "loc": {
          "start": {
            "line": 103,
            "column": 54
          },
          "end": {
            "line": 105,
            "column": 1
          }
        },
        "line": 103
      },
      "10": {
        "name": "(anonymous_10)",
        "decl": {
          "start": {
            "line": 110,
            "column": 4
          },
          "end": {
            "line": 110,
            "column": 5
          }
        },
        "loc": {
          "start": {
            "line": 110,
            "column": 27
          },
          "end": {
            "line": 131,
            "column": 5
          }
        },
        "line": 110
      },
      "11": {
        "name": "(anonymous_11)",
        "decl": {
          "start": {
            "line": 134,
            "column": 4
          },
          "end": {
            "line": 134,
            "column": 5
          }
        },
        "loc": {
          "start": {
            "line": 134,
            "column": 15
          },
          "end": {
            "line": 136,
            "column": 5
          }
        },
        "line": 134
      },
      "12": {
        "name": "(anonymous_12)",
        "decl": {
          "start": {
            "line": 138,
            "column": 42
          },
          "end": {
            "line": 138,
            "column": 43
          }
        },
        "loc": {
          "start": {
            "line": 138,
            "column": 53
          },
          "end": {
            "line": 140,
            "column": 1
          }
        },
        "line": 138
      },
      "13": {
        "name": "(anonymous_13)",
        "decl": {
          "start": {
            "line": 145,
            "column": 4
          },
          "end": {
            "line": 145,
            "column": 5
          }
        },
        "loc": {
          "start": {
            "line": 145,
            "column": 38
          },
          "end": {
            "line": 153,
            "column": 5
          }
        },
        "line": 145
      },
      "14": {
        "name": "(anonymous_14)",
        "decl": {
          "start": {
            "line": 156,
            "column": 4
          },
          "end": {
            "line": 156,
            "column": 5
          }
        },
        "loc": {
          "start": {
            "line": 156,
            "column": 15
          },
          "end": {
            "line": 158,
            "column": 5
          }
        },
        "line": 156
      },
      "15": {
        "name": "(anonymous_15)",
        "decl": {
          "start": {
            "line": 160,
            "column": 42
          },
          "end": {
            "line": 160,
            "column": 43
          }
        },
        "loc": {
          "start": {
            "line": 160,
            "column": 53
          },
          "end": {
            "line": 162,
            "column": 1
          }
        },
        "line": 160
      },
      "16": {
        "name": "(anonymous_16)",
        "decl": {
          "start": {
            "line": 167,
            "column": 4
          },
          "end": {
            "line": 167,
            "column": 5
          }
        },
        "loc": {
          "start": {
            "line": 167,
            "column": 48
          },
          "end": {
            "line": 179,
            "column": 5
          }
        },
        "line": 167
      },
      "17": {
        "name": "(anonymous_17)",
        "decl": {
          "start": {
            "line": 182,
            "column": 4
          },
          "end": {
            "line": 182,
            "column": 5
          }
        },
        "loc": {
          "start": {
            "line": 182,
            "column": 15
          },
          "end": {
            "line": 184,
            "column": 5
          }
        },
        "line": 182
      },
      "18": {
        "name": "(anonymous_18)",
        "decl": {
          "start": {
            "line": 186,
            "column": 42
          },
          "end": {
            "line": 186,
            "column": 43
          }
        },
        "loc": {
          "start": {
            "line": 186,
            "column": 53
          },
          "end": {
            "line": 188,
            "column": 1
          }
        },
        "line": 186
      },
      "19": {
        "name": "(anonymous_19)",
        "decl": {
          "start": {
            "line": 209,
            "column": 52
          },
          "end": {
            "line": 209,
            "column": 53
          }
        },
        "loc": {
          "start": {
            "line": 209,
            "column": 72
          },
          "end": {
            "line": 216,
            "column": 3
          }
        },
        "line": 209
      },
      "20": {
        "name": "(anonymous_20)",
        "decl": {
          "start": {
            "line": 211,
            "column": 27
          },
          "end": {
            "line": 211,
            "column": 28
          }
        },
        "loc": {
          "start": {
            "line": 211,
            "column": 44
          },
          "end": {
            "line": 215,
            "column": 5
          }
        },
        "line": 211
      }
    },
    "branchMap": {
      "0": {
        "loc": {
          "start": {
            "line": 3,
            "column": 20
          },
          "end": {
            "line": 3,
            "column": 97
          }
        },
        "type": "binary-expr",
        "locations": [
          {
            "start": {
              "line": 3,
              "column": 20
            },
            "end": {
              "line": 3,
              "column": 60
            }
          },
          {
            "start": {
              "line": 3,
              "column": 64
            },
            "end": {
              "line": 3,
              "column": 97
            }
          }
        ],
        "line": 3
      },
      "1": {
        "loc": {
          "start": {
            "line": 6,
            "column": 0
          },
          "end": {
            "line": 16,
            "column": 1
          }
        },
        "type": "if",
        "locations": [
          {
            "start": {
              "line": 6,
              "column": 0
            },
            "end": {
              "line": 16,
              "column": 1
            }
          },
          {
            "start": {},
            "end": {}
          }
        ],
        "line": 6
      },
      "2": {
        "loc": {
          "start": {
            "line": 6,
            "column": 4
          },
          "end": {
            "line": 6,
            "column": 35
          }
        },
        "type": "binary-expr",
        "locations": [
          {
            "start": {
              "line": 6,
              "column": 4
            },
            "end": {
              "line": 6,
              "column": 19
            }
          },
          {
            "start": {
              "line": 6,
              "column": 23
            },
            "end": {
              "line": 6,
              "column": 35
            }
          }
        ],
        "line": 6
      },
      "3": {
        "loc": {
          "start": {
            "line": 7,
            "column": 2
          },
          "end": {
            "line": 9,
            "column": 3
          }
        },
        "type": "if",
        "locations": [
          {
            "start": {
              "line": 7,
              "column": 2
            },
            "end": {
              "line": 9,
              "column": 3
            }
          },
          {
            "start": {},
            "end": {}
          }
        ],
        "line": 7
      },
      "4": {
        "loc": {
          "start": {
            "line": 45,
            "column": 2
          },
          "end": {
            "line": 47,
            "column": 3
          }
        },
        "type": "if",
        "locations": [
          {
            "start": {
              "line": 45,
              "column": 2
            },
            "end": {
              "line": 47,
              "column": 3
            }
          },
          {
            "start": {},
            "end": {}
          }
        ],
        "line": 45
      },
      "5": {
        "loc": {
          "start": {
            "line": 92,
            "column": 62
          },
          "end": {
            "line": 92,
            "column": 89
          }
        },
        "type": "binary-expr",
        "locations": [
          {
            "start": {
              "line": 92,
              "column": 62
            },
            "end": {
              "line": 92,
              "column": 67
            }
          },
          {
            "start": {
              "line": 92,
              "column": 71
            },
            "end": {
              "line": 92,
              "column": 89
            }
          }
        ],
        "line": 92
      },
      "6": {
        "loc": {
          "start": {
            "line": 118,
            "column": 30
          },
          "end": {
            "line": 118,
            "column": 103
          }
        },
        "type": "cond-expr",
        "locations": [
          {
            "start": {
              "line": 118,
              "column": 39
            },
            "end": {
              "line": 118,
              "column": 61
            }
          },
          {
            "start": {
              "line": 118,
              "column": 64
            },
            "end": {
              "line": 118,
              "column": 103
            }
          }
        ],
        "line": 118
      },
      "7": {
        "loc": {
          "start": {
            "line": 170,
            "column": 19
          },
          "end": {
            "line": 170,
            "column": 60
          }
        },
[...]
              "line": 141,
              "column": 75
            }
          },
          {
            "start": {},
            "end": {}
          }
        ],
        "line": 141
      }
    },
    "s": {
      "0": 1,
      "1": 1,
      "2": 1,
      "3": 0,
      "4": 1,
      "5": 1,
      "6": 1,
      "7": 1,
      "8": 1,
      "9": 1,
      "10": 1,
      "11": 0,
      "12": 0,
      "13": 0,
      "14": 0,
      "15": 0,
      "16": 1,
      "17": 0,
      "18": 1,
      "19": 1,
      "20": 1,
      "21": 1,
      "22": 1,
      "23": 1,
      "24": 1,
      "25": 0,
      "26": 0,
      "27": 0,
      "28": 0,
      "29": 0,
      "30": 0,
      "31": 0
    },
    "f": {
      "0": 1,
      "1": 0,
      "2": 0,
      "3": 0,
      "4": 0,
      "5": 0
    },
    "b": {
      "0": [
        1,
        0
      ],
      "1": [
        1,
        0
      ],
      "2": [
        1,
        1
      ],
      "3": [
        0,
        1
      ],
      "4": [
        1,
        0
      ],
      "5": [
        1,
        1
      ],
      "6": [
        1,
        0
      ],
      "7": [
        1,
        1
      ],
      "8": [
        0,
        0
      ],
      "9": [
        0,
        0
      ]
    },
    "inputSourceMap": {
      "version": 3,
      "mappings": "AAaU;2BAbV;AAAkB,MAAO;AAAA;AAAA;AAAA;AAAA;AAAA;AAAA;AAAA;AAAA;AAAA;AAAA;AAAA;AAAA;AAAA;AAAA;AACzB,OAAOA,eAAe;AACtB,SAASC,sBAAsB;AAG/B,MAAMC,cAAwBA,MAAM;AAAAC,KAAA;AAClC,QAAMC,OAAOH,eAAe,CAACI,UAA+BA,MAAMD,KAAKA,IAAI;AAC3EE,UAAQC,IAAIH,IAAI;AAEhB,SACE,uBAAC,aACC,iCAAC,SAAI,WAAU,kBACb;AAAA,2BAAC,SAAI,WAAU,sDACb;AAAA,6BAAC,QAAG,eAAY,qBAAoB,WAAU,sBAAoB;AAAA;AAAA,QACvDA,MAAMI;AAAAA,WADjB;AAAA;AAAA;AAAA;AAAA,aAEA;AAAA,MACA,uBAAC,OAAE,uEAAH;AAAA;AAAA;AAAA;AAAA,aAA0D;AAAA,SAJ5D;AAAA;AAAA;AAAA;AAAA,WAKA;AAAA,IACA,uBAAC,SAAI,WAAU,wDACb;AAAA,6BAAC,SAAI,WAAU,iCACb;AAAA,+BAAC,QAAG,WAAU,8BAA6B,+BAA3C;AAAA;AAAA;AAAA;AAAA,eAA0D;AAAA,QAC1D,uBAAC,OAAE,wDAAH;AAAA;AAAA;AAAA;AAAA,eAA2C;AAAA,WAF7C;AAAA;AAAA;AAAA;AAAA,aAGA;AAAA,MACA,uBAAC,SAAI,WAAU,iCACb;AAAA,+BAAC,QAAG,WAAU,8BAA6B,6BAA3C;AAAA;AAAA;AAAA;AAAA,eAAwD;AAAA,QACxD,uBAAC,OAAE,6CAAH;AAAA;AAAA;AAAA;AAAA,eAAgC;AAAA,WAFlC;AAAA;AAAA;AAAA;AAAA,aAGA;AAAA,MACA,uBAAC,SAAI,WAAU,iCACb;AAAA,+BAAC,QAAG,WAAU,8BAA6B,6BAA3C;AAAA;AAAA;AAAA;AAAA,eAAwD;AAAA,QACxD,uBAAC,QAAG,WAAU,yBACZ;AAAA,iCAAC,QAAG,kCAAJ;AAAA;AAAA;AAAA;AAAA,iBAAsB;AAAA,UACtB,uBAAC,QAAG,kCAAJ;AAAA;AAAA;AAAA;AAAA,iBAAsB;AAAA,UACtB,uBAAC,QAAG,+BAAJ;AAAA;AAAA;AAAA;AAAA,iBAAmB;AAAA,aAHrB;AAAA;AAAA;AAAA;AAAA,eAIA;AAAA,WANF;AAAA;AAAA;AAAA;AAAA,aAOA;AAAA,SAhBF;AAAA;AAAA;AAAA;AAAA,WAiBA;AAAA,OAxBF;AAAA;AAAA;AAAA;AAAA,SAyBA,KA1BF;AAAA;AAAA;AAAA;AAAA,SA2BA;AAEJ;AAAEL,GAlCID,aAAqB;AAAA,UACZD,cAAc;AAAA;AAAAQ,KADvBP;AAoCN,eAAeA;AAAY,IAAAO;AAAAC,aAAAD,IAAA",
      "names": [
        "AppLayout",
        "useAppSelector",
        "UserLanding",
        "_s",
        "user",
        "state",
        "console",
        "log",
        "name",
        "_c",
        "$RefreshReg$"
      ],
      "ignoreList": [],
      "sources": [
        "/Users/nikanand/developer/repos/scrumsphere/src/app/Pages/UserLanding.tsx"
      ],
      "file": "/Users/nikanand/developer/repos/scrumsphere/src/app/Pages/UserLanding.tsx"
    },
    "_coverageSchema": "1a1c01bbd47fc00a2c39e90264f33305004495a9",
    "hash": "97df5b5318850dbc901c871a819a7c7444ce2992"
  },
  "/Users/nikanand/developer/repos/scrumsphere/src/app/store.ts": {
    "path": "/Users/nikanand/developer/repos/scrumsphere/src/app/store.ts",
    "statementMap": {
      "0": {
        "start": {
          "line": 3,
          "column": 21
        },
        "end": {
          "line": 7,
          "column": 2
        }
      }
    },
    "fnMap": {},
    "branchMap": {},
    "s": {
      "0": 1
    },
    "f": {},
    "b": {},
    "inputSourceMap": {
      "version": 3,
      "sources": [
        "/Users/nikanand/developer/repos/scrumsphere/src/app/store.ts"
      ],
      "mappings": "AAAA,SAAS,sBAA6B;AACtC,OAAO,iBAAgC;AAEhC,aAAM,QAAoC,eAAe;AAAA,EAC5D,SAAS;AAAA,IACL,MAAM;AAAA,EACV;AACJ,CAAC;",
      "names": []
    },
    "_coverageSchema": "1a1c01bbd47fc00a2c39e90264f33305004495a9",
    "hash": "05f90ae125578ae3a040c6eb169f941fddcc2c19"
  },
  "/Users/nikanand/developer/repos/scrumsphere/src/App.tsx": {
    "path": "/Users/nikanand/developer/repos/scrumsphere/src/App.tsx",
    "statementMap": {
      "0": {
        "start": {
          "line": 3,
          "column": 20
        },
        "end": {
          "line": 3,
          "column": 97
        }
      },
      "1": {
        "start": {
          "line": 6,
          "column": 0
        },
        "end": {
          "line": 16,
          "column": 1
        }
      },
      "2": {
        "start": {
          "line": 7,
          "column": 2
        },
        "end": {
          "line": 9,
          "column": 3
        }
      },
      "3": {
        "start": {
          "line": 8,
          "column": 4
        },
        "end": {
          "line": 8,
          "column": 165
        }
      },
      "4": {
        "start": {
          "line": 10,
          "column": 2
        },
        "end": {
          "line": 10,
          "column": 39
        }
      },
      "5": {
        "start": {
          "line": 11,
          "column": 2
        },
        "end": {
          "line": 11,
          "column": 39
        }
      },
      "6": {
        "start": {
          "line": 12,
          "column": 2
        },
        "end": {
          "line": 14,
          "column": 4
        }
      },
      "7": {
        "start": {
          "line": 13,
          "column": 4
        },
        "end": {
          "line": 13,
          "column": 99
        }
      },
      "8": {
        "start": {
          "line": 15,
          "column": 2
        },
        "end": {
          "line": 15,
          "column": 75
        }
      },
      "9": {
        "start": {
          "line": 26,
          "column": 2
        },
        "end": {
          "line": 74,
          "column": 11
        }
      },
      "10": {
        "start": {
          "line": 76,
          "column": 0
        },
        "end": {
          "line": 76,
          "column": 9
        }
      },
      "11": {
        "start": {
          "line": 79,
          "column": 0
        },
        "end": {
          "line": 79,
          "column": 24
        }
      },
      "12": {
        "start": {
          "line": 80,
          "column": 0
        },
        "end": {
          "line": 83,
          "column": 1
        }
      },
      "13": {
        "start": {
          "line": 81,
          "column": 2
        },
        "end": {
          "line": 81,
          "column": 39
        }
      },
      "14": {
        "start": {
          "line": 82,
          "column": 2
        },
        "end": {
          "line": 82,
          "column": 39
        }
      },
      "15": {
        "start": {
          "line": 84,
          "column": 0
        },
        "end": {
          "line": 93,
          "column": 1
        }
      },
      "16": {
        "start": {
          "line": 85,
          "column": 2
        },
        "end": {
          "line": 92,
          "column": 5
        }
      },
      "17": {
        "start": {
          "line": 86,
          "column": 4
        },
        "end": {
          "line": 86,
          "column": 125
        }
      },
      "18": {
        "start": {
          "line": 87,
          "column": 4
        },
        "end": {
          "line": 91,
          "column": 7
        }
      },
      "19": {
        "start": {
          "line": 88,
          "column": 6
        },
        "end": {
          "line": 88,
          "column": 31
        }
      },
      "20": {
        "start": {
          "line": 88,
          "column": 24
        },
        "end": {
          "line": 88,
          "column": 31
        }
      },
      "21": {
        "start": {
          "line": 89,
          "column": 32
        },
        "end": {
          "line": 89,
          "column": 174
        }
      },
      "22": {
        "start": {
          "line": 90,
          "column": 6
        },
        "end": {
          "line": 90,
          "column": 75
        }
      },
      "23": {
        "start": {
          "line": 90,
          "column": 29
        },
        "end": {
          "line": 90,
          "column": 75
        }
      }
    },
    "fnMap": {
      "0": {
        "name": "(anonymous_0)",
        "decl": {
          "start": {
            "line": 12,
            "column": 24
          },
          "end": {
            "line": 12,
            "column": 25
          }
        },
        "loc": {
          "start": {
            "line": 12,
            "column": 38
          },
          "end": {
            "line": 14,
            "column": 3
          }
        },
        "line": 12
      },
      "1": {
        "name": "App",
        "decl": {
          "start": {
            "line": 25,
            "column": 9
          },
          "end": {
            "line": 25,
            "column": 12
          }
        },
        "loc": {
          "start": {
            "line": 25,
            "column": 15
          },
          "end": {
            "line": 75,
            "column": 1
          }
        },
        "line": 25
      },
      "2": {
        "name": "(anonymous_2)",
        "decl": {
          "start": {
            "line": 85,
            "column": 52
          },
          "end": {
            "line": 85,
            "column": 53
          }
        },
        "loc": {
          "start": {
            "line": 85,
            "column": 72
          },
          "end": {
            "line": 92,
            "column": 3
          }
        },
        "line": 85
      },
      "3": {
        "name": "(anonymous_3)",
        "decl": {
          "start": {
            "line": 87,
            "column": 27
          },
          "end": {
            "line": 87,
            "column": 28
          }
        },
        "loc": {
          "start": {
            "line": 87,
            "column": 44
          },
          "end": {
            "line": 91,
            "column": 5
          }
        },
        "line": 87
      }
    },
    "branchMap": {
      "0": {
        "loc": {
          "start": {
            "line": 3,
            "column": 20
          },
          "end": {
            "line": 3,
            "column": 97
          }
        },
        "type": "binary-expr",
        "locations": [
          {
            "start": {
              "line": 3,
              "column": 20
            },
            "end": {
              "line": 3,
              "column": 60
            }
          },
          {
            "start": {
              "line": 3,
              "column": 64
            },
            "end": {
              "line": 3,
              "column": 97
            }
          }
        ],
        "line": 3
      },
      "1": {
        "loc": {
          "start": {
            "line": 6,
            "column": 0
          },
          "end": {
            "line": 16,
            "column": 1
          }
        },
        "type": "if",
        "locations": [
          {
            "start": {
              "line": 6,
              "column": 0
            },
            "end": {
              "line": 16,
              "column": 1
            }
          },
          {
            "start": {},
            "end": {}
          }
        ],
        "line": 6
      },
      "2": {
        "loc": {
          "start": {
            "line": 6,
            "column": 4
          },
          "end": {
            "line": 6,
            "column": 35
          }
        },
        "type": "binary-expr",
        "locations": [
          {
            "start": {
              "line": 6,
              "column": 4
            },
            "end": {
              "line": 6,
              "column": 19
            }
          },
          {
            "start": {
              "line": 6,
              "column": 23
            },
            "end": {
              "line": 6,
              "column": 35
            }
          }
        ],
        "line": 6
      },
      "3": {
        "loc": {
          "start": {
            "line": 7,
            "column": 2
          },
          "end": {
            "line": 9,
            "column": 3
          }
        },
        "type": "if",
        "locations": [
          {
            "start": {
              "line": 7,
              "column": 2
            },
            "end": {
              "line": 9,
              "column": 3
            }
          },
          {
            "start": {},
            "end": {}
          }
        ],
        "line": 7
      },
      "4": {
        "loc": {
          "start": {
            "line": 80,
            "column": 0
          },
          "end": {
            "line": 83,
            "column": 1
          }
        },
        "type": "if",
        "locations": [
          {
            "start": {
              "line": 80,
              "column": 0
            },
            "end": {
              "line": 83,
              "column": 1
            }
          },
          {
            "start": {},
            "end": {}
          }
        ],
        "line": 80
      },
      "5": {
        "loc": {
          "start": {
            "line": 80,
            "column": 4
          },
          "end": {
            "line": 80,
            "column": 35
          }
        },
        "type": "binary-expr",
        "locations": [
          {
            "start": {
              "line": 80,
              "column": 4
            },
            "end": {
              "line": 80,
              "column": 19
            }
          },
          {
            "start": {
              "line": 80,
              "column": 23
            },
            "end": {
              "line": 80,
              "column": 35
            }
          }
        ],
        "line": 80
      },
      "6": {
        "loc": {
          "start": {
            "line": 84,
            "column": 0
          },
          "end": {
            "line": 93,
            "column": 1
          }
        },
        "type": "if",
        "locations": [
          {
            "start": {
              "line": 84,
              "column": 0
            },
            "end": {
              "line": 93,
              "column": 1
            }
          },
          {
            "start": {},
            "end": {}
          }
        ],
        "line": 84
      },
      "7": {
        "loc": {
          "start": {
            "line": 84,
            "column": 4
          },
          "end": {
            "line": 84,
            "column": 35
          }
        },
        "type": "binary-expr",
        "locations": [
          {
            "start": {
              "line": 84,
              "column": 4
            },
            "end": {
              "line": 84,
              "column": 19
            }
          },
          {
            "start": {
              "line": 84,
              "column": 23
            },
            "end": {
              "line": 84,
              "column": 35
            }
          }
        ],
        "line": 84
      },
      "8": {
        "loc": {
          "start": {
            "line": 88,
            "column": 6
          },
          "end": {
            "line": 88,
            "column": 31
          }
        },
        "type": "if",
        "locations": [
          {
            "start": {
              "line": 88,
              "column": 6
            },
            "end": {
              "line": 88,
              "column": 31
            }
          },
          {
            "start": {},
            "end": {}
          }
        ],
        "line": 88
      },
      "9": {
        "loc": {
          "start": {
            "line": 90,
            "column": 6
          },
          "end": {
            "line": 90,
            "column": 75
          }
        },
        "type": "if",
        "locations": [
          {
            "start": {
              "line": 90,
              "column": 6
            },
            "end": {
              "line": 90,
              "column": 75
            }
          },
          {
            "start": {},
            "end": {}
          }
        ],
        "line": 90
      }
    },
    "s": {
      "0": 1,
      "1": 1,
      "2": 1,
      "3": 0,
      "4": 1,
      "5": 1,
      "6": 1,
      "7": 1,
      "8": 1,
      "9": 3,
      "10": 1,
      "11": 1,
      "12": 1,
      "13": 1,
      "14": 1,
      "15": 1,
      "16": 1,
      "17": 0,
      "18": 0,
      "19": 0,
      "20": 0,
      "21": 0,
      "22": 0,
      "23": 0
    },
    "f": {
      "0": 1,
      "1": 3,
      "2": 0,
      "3": 0
    },
    "b": {
      "0": [
        1,
        0
      ],
      "1": [
        1,
        0
      ],
      "2": [
        1,
        1
      ],
      "3": [
        0,
        1
      ],
      "4": [
        1,
        0
      ],
      "5": [
        1,
        1
      ],
      "6": [
        1,
        0
      ],
      "7": [
        1,
        1
      ],
      "8": [
        0,
        0
      ],
      "9": [
        0,
        0
      ]
    },
    "inputSourceMap": {
      "version": 3,
      "mappings": "AAWI,mBAKwC,cALxC;AAXJ,OAAOA,oBAAe;AAAuB;AAAA;AAAA;AAAA;AAAA;AAAA;AAAA;AAAA;AAAA;AAAA;AAAA;AAAA;AAAA;AAAA;AAAA;AAC7C,OAAO;AACP,SAASC,eAAeC,OAAOC,cAAc;AAC7C,OAAOC,sBAAsB;AAC7B,OAAOC,iBAAiB;AACxB,SAASC,gBAAgB;AACzB,SAASC,aAAa;AACtB,SAASC,qBAAqB;AAE9B,SAASC,MAAM;AACb,SACE,mCACE,iCAAC,YAAS,OACR,iCAAC,iBAAc,cAAa,SAAQ,YAAW,iBAC7C,iCAAC,iBACC,iCAAC,UACC;AAAA,2BAAC,SAAM,MAAK,UAAS,SAAS,uBAAC,eAAD;AAAA;AAAA;AAAA;AAAA,WAAU,KAAxC;AAAA;AAAA;AAAA;AAAA,WAA4C;AAAA,IAC5C,uBAAC,SAAM,MAAK,aAAY,SAAS,uBAAC,sBAAD;AAAA;AAAA;AAAA;AAAA,WAAiB,KAAlD;AAAA;AAAA;AAAA;AAAA,WAAsD;AAAA,IACtD,uBAAC,SAAM,MAAK,UAAS,SAAS,uBAAC,iBAAD;AAAA;AAAA;AAAA;AAAA,WAAY,KAA1C;AAAA;AAAA;AAAA;AAAA,WAA8C;AAAA,OAHhD;AAAA;AAAA;AAAA;AAAA,SAIA,KALF;AAAA;AAAA;AAAA;AAAA,SAMA,KAPF;AAAA;AAAA;AAAA;AAAA,SAQA,KATF;AAAA;AAAA;AAAA;AAAA,SAUA,KAXF;AAAA;AAAA;AAAA;AAAA,SAYA;AAEJ;AAACC,KAhBQD;AAkBT,eAAeA;AAAI,IAAAC;AAAAC,aAAAD,IAAA",
      "names": [
        "LoginPage",
        "BrowserRouter",
        "Route",
        "Routes",
        "RegistrationPage",
        "UserLanding",
        "Provider",
        "store",
        "ThemeProvider",
        "App",
        "_c",
        "$RefreshReg$"
      ],
      "ignoreList": [],
      "sources": [
        "/Users/nikanand/developer/repos/scrumsphere/src/App.tsx"
      ],
      "file": "/Users/nikanand/developer/repos/scrumsphere/src/App.tsx"
    },
    "_coverageSchema": "1a1c01bbd47fc00a2c39e90264f33305004495a9",
    "hash": "354d19220554690ec083fb38410aeb4cb27b60d4"
  },
  "/Users/nikanand/developer/repos/scrumsphere/src/main.tsx": {
    "path": "/Users/nikanand/developer/repos/scrumsphere/src/main.tsx",
    "statementMap": {
      "0": {
        "start": {
          "line": 6,
          "column": 0
        },
        "end": {
          "line": 16,
          "column": 2
        }
      }
    },
    "fnMap": {},
    "branchMap": {},
    "s": {
      "0": 1
    },
    "f": {},
    "b": {},
    "inputSourceMap": {
      "version": 3,
      "mappings": "AAOI;AAPJ,SAASA,kBAAkB;AAC3B,SAASC,kBAAkB;AAC3B,OAAO;AACP,OAAOC,SAAS;AAEhBD,WAAWE,SAASC,eAAe,MAAM,CAAE,EAAEC;AAAAA,EAC3C,uBAAC,cACC,iCAAC,SAAD;AAAA;AAAA;AAAA;AAAA,SAAI,KADN;AAAA;AAAA;AAAA;AAAA,SAEA;AACF",
      "names": [
        "StrictMode",
        "createRoot",
        "App",
        "document",
        "getElementById",
        "render"
      ],
      "ignoreList": [],
      "sources": [
        "/Users/nikanand/developer/repos/scrumsphere/src/main.tsx"
      ],
      "file": "/Users/nikanand/developer/repos/scrumsphere/src/main.tsx"
    },
    "_coverageSchema": "1a1c01bbd47fc00a2c39e90264f33305004495a9",
    "hash": "e5b6f9106167a06ea68b2d359c4adcd73a80cde6"
  }
}